<?xml version="1.0" encoding="UTF-8"?>
<robot generator="Robot 7.2 (Python 3.11.4 on win32)" generated="2025-01-25T00:54:12.152260" rpa="false" schemaversion="5">
<suite id="s1" name="allOnline" source="C:\Users\afnan\Desktop\PROJECT\automation_test_workshop\test_order_success\allOnline.robot">
<test id="s1-t1" name="ลูกค้าสั่งซื้ออสินค้าเลือกจัดส่งตามที่อยู่และชำระเงินด้วยบัตรเครดิต" line="5">
<kw name="เปิดบราวเซอร์และเข้าไปที่เว็บไซต์" owner="resources">
<kw name="Open Browser" owner="SeleniumLibrary">
<msg time="2025-01-25T00:54:12.403067" level="INFO">Opening browser 'chrome' to base url 'https://www.allonline.7eleven.co.th/'.</msg>
<arg>url=${url}</arg>
<arg>browser=${browser}</arg>
<doc>Opens a new browser instance to the optional ``url``.</doc>
<status status="PASS" start="2025-01-25T00:54:12.402566" elapsed="2.371571"/>
</kw>
<kw name="Wait Until Page Contains" owner="SeleniumLibrary">
<arg>seven</arg>
<doc>Waits until ``text`` appears on the current page.</doc>
<status status="PASS" start="2025-01-25T00:54:14.774137" elapsed="0.032001"/>
</kw>
<arg>${URL}</arg>
<arg>${BROWSER}</arg>
<status status="PASS" start="2025-01-25T00:54:12.402067" elapsed="2.404071"/>
</kw>
<kw name="ลงทะเบียนเข้าใช้งาน" owner="resources">
<kw name="Click Element" owner="SeleniumLibrary">
<msg time="2025-01-25T00:54:14.807640" level="INFO">Clicking element '//*[@id="page"]/header/div[4]/div/div/div/ul/li[4]/a'.</msg>
<arg>//*[@id="page"]/header/div[4]/div/div/div/ul/li[4]/a</arg>
<doc>Click the element identified by ``locator``.</doc>
<status status="PASS" start="2025-01-25T00:54:14.807137" elapsed="0.619010"/>
</kw>
<kw name="Wait Until Element Is Visible" owner="SeleniumLibrary">
<arg>//*[@id="__next"]/div/div/div[2]/div[2]/div/div</arg>
<doc>Waits until the element ``locator`` is visible.</doc>
<status status="PASS" start="2025-01-25T00:54:15.426647" elapsed="0.048512"/>
</kw>
<kw name="Input Text" owner="SeleniumLibrary">
<msg time="2025-01-25T00:54:15.475660" level="INFO">Typing text 'naaanlw22@gmail.com' into text field 'name=email'.</msg>
<arg>name=email</arg>
<arg>${email}</arg>
<doc>Types the given ``text`` into the text field identified by ``locator``.</doc>
<status status="PASS" start="2025-01-25T00:54:15.475159" elapsed="0.160586"/>
</kw>
<kw name="Input Text" owner="SeleniumLibrary">
<msg time="2025-01-25T00:54:15.636246" level="INFO">Typing text 'C5kykR!!5q53bWx' into text field 'name=password'.</msg>
<arg>name=password</arg>
<arg>${password}</arg>
<doc>Types the given ``text`` into the text field identified by ``locator``.</doc>
<status status="PASS" start="2025-01-25T00:54:15.635745" elapsed="0.103715"/>
</kw>
<kw name="Click Element" owner="SeleniumLibrary">
<msg time="2025-01-25T00:54:15.739959" level="INFO">Clicking element '//*[@id="__next"]/div/div/div[2]/div[2]/div/div/div/div[6]/a[1]'.</msg>
<arg>//*[@id="__next"]/div/div/div[2]/div[2]/div/div/div/div[6]/a[1]</arg>
<doc>Click the element identified by ``locator``.</doc>
<status status="PASS" start="2025-01-25T00:54:15.739959" elapsed="0.064502"/>
</kw>
<kw name="Wait Until Element Is Visible" owner="SeleniumLibrary">
<arg>//*[@id="__next"]/div/div/div[2]/div[2]/div/div/div[3]/div/button[2]</arg>
<doc>Waits until the element ``locator`` is visible.</doc>
<status status="PASS" start="2025-01-25T00:54:15.804461" elapsed="1.718852"/>
</kw>
<kw name="Click Element" owner="SeleniumLibrary">
<msg time="2025-01-25T00:54:17.524313" level="INFO">Clicking element '//*[@id="__next"]/div/div/div[2]/div[2]/div/div/div[3]/div/button[2]'.</msg>
<arg>//*[@id="__next"]/div/div/div[2]/div[2]/div/div/div[3]/div/button[2]</arg>
<doc>Click the element identified by ``locator``.</doc>
<status status="PASS" start="2025-01-25T00:54:17.523814" elapsed="0.042513"/>
</kw>
<kw name="Wait Until Element Is Visible" owner="SeleniumLibrary">
<arg>name=q</arg>
<doc>Waits until the element ``locator`` is visible.</doc>
<status status="PASS" start="2025-01-25T00:54:17.566825" elapsed="4.441221"/>
</kw>
<arg>${EMAIL}</arg>
<arg>${PASSWORD}</arg>
<status status="PASS" start="2025-01-25T00:54:14.806636" elapsed="7.201410"/>
</kw>
<kw name="ค้นหาสินค้า" owner="resources">
<kw name="Input Text" owner="SeleniumLibrary">
<msg time="2025-01-25T00:54:22.009044" level="INFO">Typing text 'ยำยำช้างน้อย รสบาร์บีคิว 120 กรัม' into text field 'name=q'.</msg>
<arg>name=q</arg>
<arg>${product_name}</arg>
<doc>Types the given ``text`` into the text field identified by ``locator``.</doc>
<status status="PASS" start="2025-01-25T00:54:22.009044" elapsed="0.693706"/>
</kw>
<kw name="Click Element" owner="SeleniumLibrary">
<msg time="2025-01-25T00:54:22.703250" level="INFO">Clicking element 'xpath=//*[@id="search_id_form"]/div/span/button'.</msg>
<arg>xpath=//*[@id="search_id_form"]/div/span/button</arg>
<doc>Click the element identified by ``locator``.</doc>
<status status="PASS" start="2025-01-25T00:54:22.702750" elapsed="4.589450"/>
</kw>
<kw name="Wait Until Element Is Visible" owner="SeleniumLibrary">
<arg>xpath=//*[@id="page"]/div[2]/div[2]/div/div/div[2]/div/div/div/div/div/div[3]/div[1]</arg>
<doc>Waits until the element ``locator`` is visible.</doc>
<status status="PASS" start="2025-01-25T00:54:27.292200" elapsed="0.018500"/>
</kw>
<arg>${PRODUCT}</arg>
<status status="PASS" start="2025-01-25T00:54:22.008547" elapsed="5.302652"/>
</kw>
<kw name="เลือกสินค้าและตรวจสอบ" owner="resources">
<kw name="Click Element" owner="SeleniumLibrary">
<msg time="2025-01-25T00:54:27.311699" level="INFO">Clicking element 'xpath=//*[@id="page"]/div[2]/div[2]/div/div/div[2]/div/div/div/div/div/div[3]/div[1]'.</msg>
<arg>xpath=//*[@id="page"]/div[2]/div[2]/div/div/div[2]/div/div/div/div/div/div[3]/div[1]</arg>
<doc>Click the element identified by ``locator``.</doc>
<status status="PASS" start="2025-01-25T00:54:27.311699" elapsed="0.722293"/>
</kw>
<kw name="Wait Until Element Is Visible" owner="SeleniumLibrary">
<arg>//*[@id="article-form"]/div[2]</arg>
<doc>Waits until the element ``locator`` is visible.</doc>
<status status="PASS" start="2025-01-25T00:54:28.034492" elapsed="0.014001"/>
</kw>
<kw name="Element Attribute Value Should Be" owner="SeleniumLibrary">
<msg time="2025-01-25T00:54:28.059992" level="INFO">Element 'name=order_count' attribute 'value' contains value '1'.</msg>
<arg>name=order_count</arg>
<arg>value</arg>
<arg>1</arg>
<doc>Verifies element identified by ``locator`` contains expected attribute value.</doc>
<status status="PASS" start="2025-01-25T00:54:28.048993" elapsed="0.010999"/>
</kw>
<kw name="Element Should Contain" owner="SeleniumLibrary">
<msg time="2025-01-25T00:54:28.076991" level="INFO">Element '//*[@id="article-form"]/div[1]/div[3]/div/div[2]/div/span/span' contains text 'คุณจะได้รับ 9 คะแนน'.</msg>
<arg>//*[@id="article-form"]/div[1]/div[3]/div/div[2]/div/span/span</arg>
<arg>คุณจะได้รับ 9 คะแนน</arg>
<doc>Verifies that element ``locator`` contains text ``expected``.</doc>
<status status="PASS" start="2025-01-25T00:54:28.060490" elapsed="0.017001"/>
</kw>
<status status="PASS" start="2025-01-25T00:54:27.311199" elapsed="0.766292"/>
</kw>
<kw name="เพิ่มจำนวนสินค้า" owner="resources">
<kw name="Click Element" owner="SeleniumLibrary">
<msg time="2025-01-25T00:54:28.078490" level="INFO">Clicking element '//*[@id="article-form"]/div[2]/div[2]/div[1]/span[2]/a'.</msg>
<arg>//*[@id="article-form"]/div[2]/div[2]/div[1]/span[2]/a</arg>
<doc>Click the element identified by ``locator``.</doc>
<status status="PASS" start="2025-01-25T00:54:28.077991" elapsed="0.047501"/>
</kw>
<kw name="Click Element" owner="SeleniumLibrary">
<msg time="2025-01-25T00:54:28.125998" level="INFO">Clicking element '//*[@id="article-form"]/div[2]/div[2]/div[1]/span[2]/a'.</msg>
<arg>//*[@id="article-form"]/div[2]/div[2]/div[1]/span[2]/a</arg>
<doc>Click the element identified by ``locator``.</doc>
<status status="PASS" start="2025-01-25T00:54:28.125998" elapsed="0.063011"/>
</kw>
<kw name="Click Element" owner="SeleniumLibrary">
<msg time="2025-01-25T00:54:28.189510" level="INFO">Clicking element '//*[@id="article-form"]/div[2]/div[2]/div[1]/span[2]/a'.</msg>
<arg>//*[@id="article-form"]/div[2]/div[2]/div[1]/span[2]/a</arg>
<doc>Click the element identified by ``locator``.</doc>
<status status="PASS" start="2025-01-25T00:54:28.189009" elapsed="0.036021"/>
</kw>
<kw name="Click Element" owner="SeleniumLibrary">
<msg time="2025-01-25T00:54:28.225530" level="INFO">Clicking element '//*[@id="article-form"]/div[2]/div[2]/div[1]/span[2]/a'.</msg>
<arg>//*[@id="article-form"]/div[2]/div[2]/div[1]/span[2]/a</arg>
<doc>Click the element identified by ``locator``.</doc>
<status status="PASS" start="2025-01-25T00:54:28.225030" elapsed="0.038511"/>
</kw>
<kw name="Element Attribute Value Should Be" owner="SeleniumLibrary">
<msg time="2025-01-25T00:54:28.272043" level="INFO">Element 'name=order_count' attribute 'value' contains value '5'.</msg>
<arg>name=order_count</arg>
<arg>value</arg>
<arg>5</arg>
<doc>Verifies element identified by ``locator`` contains expected attribute value.</doc>
<status status="PASS" start="2025-01-25T00:54:28.263541" elapsed="0.008502"/>
</kw>
<status status="PASS" start="2025-01-25T00:54:28.077991" elapsed="0.194552"/>
</kw>
<kw name="Click Element" owner="SeleniumLibrary">
<msg time="2025-01-25T00:54:28.273040" level="INFO">Clicking element '//*[@id="article-form"]/div[2]/div[2]/div[4]/div[2]/button'.</msg>
<arg>//*[@id="article-form"]/div[2]/div[2]/div[4]/div[2]/button</arg>
<doc>Click the element identified by ``locator``.</doc>
<status status="PASS" start="2025-01-25T00:54:28.273040" elapsed="0.971786"/>
</kw>
<kw name="Wait Until Element Is Visible" owner="SeleniumLibrary">
<arg>//*[@id="page"]/div/div[3]/div/div</arg>
<doc>Waits until the element ``locator`` is visible.</doc>
<status status="PASS" start="2025-01-25T00:54:29.245327" elapsed="0.012500"/>
</kw>
<kw name="Element Should Contain" owner="SeleniumLibrary">
<msg time="2025-01-25T00:54:29.267327" level="INFO">Element '//*[@id="page"]/div/div[3]/div/div' contains text 'รายละเอียดการจัดส่งสินค้า'.</msg>
<arg>//*[@id="page"]/div/div[3]/div/div</arg>
<arg>รายละเอียดการจัดส่งสินค้า</arg>
<doc>Verifies that element ``locator`` contains text ``expected``.</doc>
<status status="PASS" start="2025-01-25T00:54:29.258330" elapsed="0.008997"/>
</kw>
<kw name="กรอกที่อยู่จัดส่ง" owner="resources">
<kw name="Click Element" owner="SeleniumLibrary">
<msg time="2025-01-25T00:54:29.268326" level="INFO">Clicking element '//*[@id="address-tabs"]/ul/li[2]/a'.</msg>
<arg>//*[@id="address-tabs"]/ul/li[2]/a</arg>
<doc>Click the element identified by ``locator``.</doc>
<status status="PASS" start="2025-01-25T00:54:29.267826" elapsed="0.052001"/>
</kw>
<kw name="Click Element" owner="SeleniumLibrary">
<msg time="2025-01-25T00:54:29.320325" level="INFO">Clicking element '//*[@id="addressbook"]/div/div[2]/div[2]'.</msg>
<arg>//*[@id="addressbook"]/div/div[2]/div[2]</arg>
<doc>Click the element identified by ``locator``.</doc>
<status status="PASS" start="2025-01-25T00:54:29.319827" elapsed="0.372745"/>
</kw>
<kw name="Input Text" owner="SeleniumLibrary">
<msg time="2025-01-25T00:54:29.693070" level="INFO">Typing text 'พันกรร' into text field 'name=shippingData.homeShippingData.newShippingAddress.firstname'.</msg>
<arg>name=shippingData.homeShippingData.newShippingAddress.firstname</arg>
<arg>${firstname}</arg>
<doc>Types the given ``text`` into the text field identified by ``locator``.</doc>
<status status="PASS" start="2025-01-25T00:54:29.692572" elapsed="0.074514"/>
</kw>
<kw name="Input Text" owner="SeleniumLibrary">
<msg time="2025-01-25T00:54:29.767586" level="INFO">Typing text 'ชมจันทร์' into text field 'name=shippingData.homeShippingData.newShippingAddress.lastname'.</msg>
<arg>name=shippingData.homeShippingData.newShippingAddress.lastname</arg>
<arg>${lastname}</arg>
<doc>Types the given ``text`` into the text field identified by ``locator``.</doc>
<status status="PASS" start="2025-01-25T00:54:29.767086" elapsed="0.072509"/>
</kw>
<kw name="Input Text" owner="SeleniumLibrary">
<msg time="2025-01-25T00:54:29.840094" level="INFO">Typing text '0619917765' into text field 'name=shippingData.homeShippingData.newShippingAddress.mobilePhone'.</msg>
<arg>name=shippingData.homeShippingData.newShippingAddress.mobilePhone</arg>
<arg>${phone}</arg>
<doc>Types the given ``text`` into the text field identified by ``locator``.</doc>
<status status="PASS" start="2025-01-25T00:54:29.839595" elapsed="0.082060"/>
</kw>
<kw name="Input Text" owner="SeleniumLibrary">
<msg time="2025-01-25T00:54:29.921655" level="INFO">Typing text '45/9' into text field 'name=shippingData.homeShippingData.newShippingAddress.addrNo'.</msg>
<arg>name=shippingData.homeShippingData.newShippingAddress.addrNo</arg>
<arg>${address_no}</arg>
<doc>Types the given ``text`` into the text field identified by ``locator``.</doc>
<status status="PASS" start="2025-01-25T00:54:29.921655" elapsed="0.063024"/>
</kw>
<kw name="Input Text" owner="SeleniumLibrary">
<msg time="2025-01-25T00:54:29.985179" level="INFO">Typing text '7' into text field 'name=shippingData.homeShippingData.newShippingAddress.moo'.</msg>
<arg>name=shippingData.homeShippingData.newShippingAddress.moo</arg>
<arg>${moo}</arg>
<doc>Types the given ``text`` into the text field identified by ``locator``.</doc>
<status status="PASS" start="2025-01-25T00:54:29.984679" elapsed="0.056181"/>
</kw>
<kw name="Select From List By Label" owner="SeleniumLibrary">
<msg time="2025-01-25T00:54:30.041360" level="INFO">Selecting options from selection list 'id=new-address-province' by label สมุทรปราการ.</msg>
<arg>id=new-address-province</arg>
<arg>${province}</arg>
<doc>Selects options from selection list ``locator`` by ``labels``.</doc>
<status status="PASS" start="2025-01-25T00:54:30.040860" elapsed="0.026999"/>
</kw>
<kw name="Select From List By Label" owner="SeleniumLibrary">
<msg time="2025-01-25T00:54:30.068357" level="INFO">Selecting options from selection list 'id=new-address-district' by label บางพลี.</msg>
<arg>id=new-address-district</arg>
<arg>${district}</arg>
<doc>Selects options from selection list ``locator`` by ``labels``.</doc>
<status status="PASS" start="2025-01-25T00:54:30.068357" elapsed="0.634650"/>
</kw>
<kw name="Select From List By Label" owner="SeleniumLibrary">
<msg time="2025-01-25T00:54:30.703507" level="INFO">Selecting options from selection list 'id=new-address-sub-district' by label บางปลา.</msg>
<arg>id=new-address-sub-district</arg>
<arg>${subdistrict}</arg>
<doc>Selects options from selection list ``locator`` by ``labels``.</doc>
<status status="PASS" start="2025-01-25T00:54:30.703007" elapsed="0.424239"/>
</kw>
<kw name="Wait Until Element Contains" owner="SeleniumLibrary">
<arg>id=selected-location</arg>
<arg>เลือกที่อยู่</arg>
<doc>Waits until the element ``locator`` contains ``text``.</doc>
<status status="PASS" start="2025-01-25T00:54:31.127246" elapsed="0.489941"/>
</kw>
<kw name="Sleep" owner="BuiltIn">
<msg time="2025-01-25T00:54:36.617958" level="INFO">Slept 5 seconds.</msg>
<arg>5</arg>
<doc>Pauses the test executed for the given time.</doc>
<status status="PASS" start="2025-01-25T00:54:31.617187" elapsed="5.000771"/>
</kw>
<kw name="Click Element" owner="SeleniumLibrary">
<msg time="2025-01-25T00:54:36.618463" level="INFO">Clicking element 'id=selected-location'.</msg>
<arg>id=selected-location</arg>
<doc>Click the element identified by ``locator``.</doc>
<status status="PASS" start="2025-01-25T00:54:36.617958" elapsed="0.044524"/>
</kw>
<kw name="Wait Until Element Is Not Visible" owner="SeleniumLibrary">
<arg>id=selected-location</arg>
<doc>Waits until the element ``locator`` is not visible.</doc>
<status status="PASS" start="2025-01-25T00:54:36.662982" elapsed="0.221121"/>
</kw>
<kw name="Wait Until Element Is Visible" owner="SeleniumLibrary">
<arg>id=conf-dif-addr</arg>
<doc>Waits until the element ``locator`` is visible.</doc>
<status status="PASS" start="2025-01-25T00:54:36.884252" elapsed="0.011852"/>
</kw>
<kw name="Click Element" owner="SeleniumLibrary">
<msg time="2025-01-25T00:54:36.896104" level="INFO">Clicking element 'id=conf-dif-addr'.</msg>
<arg>id=conf-dif-addr</arg>
<doc>Click the element identified by ``locator``.</doc>
<status status="PASS" start="2025-01-25T00:54:36.896104" elapsed="0.040503"/>
</kw>
<kw name="Click Element" owner="SeleniumLibrary">
<msg time="2025-01-25T00:54:36.936607" level="INFO">Clicking element 'id=continue-payment-btn'.</msg>
<arg>id=continue-payment-btn</arg>
<doc>Click the element identified by ``locator``.</doc>
<status status="PASS" start="2025-01-25T00:54:36.936607" elapsed="1.894279"/>
</kw>
<arg>พันกรร</arg>
<arg>ชมจันทร์</arg>
<arg>0619917765</arg>
<arg>45/9</arg>
<arg>7</arg>
<arg>สมุทรปราการ</arg>
<arg>บางพลี</arg>
<arg>บางปลา</arg>
<status status="PASS" start="2025-01-25T00:54:29.267826" elapsed="9.563559"/>
</kw>
<kw name="ตรวจสอบราคา" owner="resources">
<kw name="Wait Until Element Is Visible" owner="SeleniumLibrary">
<arg>//*[@id="payment-options"]/div[1]</arg>
<doc>Waits until the element ``locator`` is visible.</doc>
<status status="PASS" start="2025-01-25T00:54:38.832385" elapsed="0.027016"/>
</kw>
<kw name="Element Should Contain" owner="SeleniumLibrary">
<msg time="2025-01-25T00:54:38.872402" level="INFO">Element '//*[@id="js-invoice-details-tbody"]/tr[1]/td[2]/b' contains text '฿ 185'.</msg>
<arg>//*[@id="js-invoice-details-tbody"]/tr[1]/td[2]/b</arg>
<arg>฿ ${product_price}</arg>
<doc>Verifies that element ``locator`` contains text ``expected``.</doc>
<status status="PASS" start="2025-01-25T00:54:38.859401" elapsed="0.013001"/>
</kw>
<kw name="Element Should Contain" owner="SeleniumLibrary">
<msg time="2025-01-25T00:54:38.886912" level="INFO">Element '//*[@id="js-invoice-details-tbody"]/tr[2]/td[2]/b' contains text '฿ 35'.</msg>
<arg>//*[@id="js-invoice-details-tbody"]/tr[2]/td[2]/b</arg>
<arg>฿ ${shipping_fee}</arg>
<doc>Verifies that element ``locator`` contains text ``expected``.</doc>
<status status="PASS" start="2025-01-25T00:54:38.872900" elapsed="0.014511"/>
</kw>
<kw name="Element Should Contain" owner="SeleniumLibrary">
<msg time="2025-01-25T00:54:38.898910" level="INFO">Element 'id=totalAmount' contains text '฿ 220'.</msg>
<arg>id=totalAmount</arg>
<arg>฿ ${total_price}</arg>
<doc>Verifies that element ``locator`` contains text ``expected``.</doc>
<status status="PASS" start="2025-01-25T00:54:38.887411" elapsed="0.011499"/>
</kw>
<arg>185</arg>
<arg>35</arg>
<arg>220</arg>
<status status="PASS" start="2025-01-25T00:54:38.831885" elapsed="0.067025"/>
</kw>
<kw name="กรอกข้อมูลบัตรเครดิต" owner="resources">
<kw name="Click Element" owner="SeleniumLibrary">
<msg time="2025-01-25T00:54:38.899910" level="INFO">Clicking element '//*[@id="payment-options"]/div[1]'.</msg>
<arg>//*[@id="payment-options"]/div[1]</arg>
<doc>Click the element identified by ``locator``.</doc>
<status status="PASS" start="2025-01-25T00:54:38.899910" elapsed="0.057999"/>
</kw>
<kw name="Wait Until Element Is Visible" owner="SeleniumLibrary">
<arg>//*[@id="stepModel"]/div[1]/div[2]/footer/div/div/button</arg>
<doc>Waits until the element ``locator`` is visible.</doc>
<status status="PASS" start="2025-01-25T00:54:38.957909" elapsed="0.013501"/>
</kw>
<kw name="Sleep" owner="BuiltIn">
<msg time="2025-01-25T00:54:43.972371" level="INFO">Slept 5 seconds.</msg>
<arg>5</arg>
<doc>Pauses the test executed for the given time.</doc>
<status status="PASS" start="2025-01-25T00:54:38.971410" elapsed="5.000961"/>
</kw>
<kw name="Click Element" owner="SeleniumLibrary">
<msg time="2025-01-25T00:54:43.972880" level="INFO">Clicking element '//*[@id="stepModel"]/div[1]/div[2]/footer/div/div/button/i'.</msg>
<arg>//*[@id="stepModel"]/div[1]/div[2]/footer/div/div/button/i</arg>
<doc>Click the element identified by ``locator``.</doc>
<status status="PASS" start="2025-01-25T00:54:43.972371" elapsed="0.039507"/>
</kw>
<kw name="Sleep" owner="BuiltIn">
<msg time="2025-01-25T00:54:49.012889" level="INFO">Slept 5 seconds.</msg>
<arg>5</arg>
<doc>Pauses the test executed for the given time.</doc>
<status status="PASS" start="2025-01-25T00:54:44.012380" elapsed="5.000509"/>
</kw>
<kw name="Wait Until Element Is Visible" owner="SeleniumLibrary">
<arg>id=cardName</arg>
<doc>Waits until the element ``locator`` is visible.</doc>
<status status="PASS" start="2025-01-25T00:54:49.012889" elapsed="0.223799"/>
</kw>
<kw name="Input Text" owner="SeleniumLibrary">
<msg time="2025-01-25T00:54:49.237188" level="INFO">Typing text 'พันกรร ชมจันทร์' into text field 'id=cardName'.</msg>
<arg>id=cardName</arg>
<arg>${card_name}</arg>
<doc>Types the given ``text`` into the text field identified by ``locator``.</doc>
<status status="PASS" start="2025-01-25T00:54:49.236688" elapsed="0.075512"/>
</kw>
<kw name="Input Text" owner="SeleniumLibrary">
<msg time="2025-01-25T00:54:49.312699" level="INFO">Typing text '46246977491778712' into text field 'id=cardNumber'.</msg>
<arg>id=cardNumber</arg>
<arg>${card_number}</arg>
<doc>Types the given ``text`` into the text field identified by ``locator``.</doc>
<status status="PASS" start="2025-01-25T00:54:49.312200" elapsed="0.130526"/>
</kw>
<kw name="Input Text" owner="SeleniumLibrary">
<msg time="2025-01-25T00:54:49.443225" level="INFO">Typing text '01/29' into text field 'id=expiryDate'.</msg>
<arg>id=expiryDate</arg>
<arg>${expiry_date}</arg>
<doc>Types the given ``text`` into the text field identified by ``locator``.</doc>
<status status="PASS" start="2025-01-25T00:54:49.442726" elapsed="0.085796"/>
</kw>
<kw name="Input Text" owner="SeleniumLibrary">
<msg time="2025-01-25T00:54:49.529022" level="INFO">Typing text '476' into text field 'id=cvCode'.</msg>
<arg>id=cvCode</arg>
<arg>${cvv}</arg>
<doc>Types the given ``text`` into the text field identified by ``locator``.</doc>
<status status="PASS" start="2025-01-25T00:54:49.529022" elapsed="0.065404"/>
</kw>
<arg>พันกรร ชมจันทร์</arg>
<arg>46246977491778712</arg>
<arg>01/29</arg>
<arg>476</arg>
<status status="PASS" start="2025-01-25T00:54:38.899409" elapsed="10.695017"/>
</kw>
<status status="PASS" start="2025-01-25T00:54:12.399566" elapsed="37.195360"/>
</test>
<status status="PASS" start="2025-01-25T00:54:12.153261" elapsed="37.442165"/>
</suite>
<statistics>
<total>
<stat pass="1" fail="0" skip="0">All Tests</stat>
</total>
<tag>
</tag>
<suite>
<stat name="allOnline" id="s1" pass="1" fail="0" skip="0">allOnline</stat>
</suite>
</statistics>
<errors>
</errors>
</robot>
